2026-01-07T02:05:13 | touched: hardhat.config.js
2025-10-21T01:49:07 | touched: contracts/Reinforcementcore.sol
2026-01-06T13:51:46 | touched: scripts/frontend-integration.js
2025-12-06T10:35:56 | touched: test/Reinforcementcore.test.js
2026-01-18T23:51:20 | touched: LICENSE
2026-01-12T13:16:14 | touched: scripts/frontend-integration.js
2025-04-28T08:32:15 | touched: scripts/deploy.js
2026-01-10T00:34:53 | touched: README.md
2026-01-09T15:58:29 | touched: scripts/interact.js
2025-04-12T05:27:02 | touched: README.md
2025-03-29T18:10:43 | touched: scripts/deploy.js
2026-01-14T09:45:27 | touched: LICENSE
2025-07-17T22:51:11 | touched: .env.example
2025-02-03T08:30:42 | touched: package.json
2025-08-07T16:25:38 | touched: scripts/frontend-integration.js
2025-12-07T20:33:25 | touched: test/Reinforcementcore.test.js
2025-02-07T19:41:01 | touched: LICENSE
2025-12-13T23:19:38 | touched: scripts/api-server.js
2025-07-24T09:41:02 | touched: .env.example
2025-05-15T11:24:18 | touched: scripts/api-server.js
2025-09-27T04:29:06 | touched: LICENSE
2025-03-02T03:38:39 | touched: scripts/cli.js
2025-11-25T23:06:15 | touched: scripts/frontend-integration.js
2025-01-24T05:28:51 | touched: package.json
